<?xml version="1.0" encoding="UTF-8"?>
<testsuite name="githubtest21.Githubtest" tests="1" skipped="0" failures="0" errors="0" timestamp="2023-08-07T16:37:26" hostname="DESKTOP-L68VFSM" time="5.234">
  <properties/>
  <testcase name="testSoftAssertions()" classname="githubtest21.Githubtest" time="5.234"/>
  <system-out><![CDATA[]]></system-out>
  <system-err><![CDATA[SLF4J: No SLF4J providers were found.
SLF4J: Defaulting to no-operation (NOP) logger implementation
SLF4J: See https://www.slf4j.org/codes.html#noProviders for further details.
авг. 07, 2023 10:37:27 PM org.openqa.selenium.remote.service.DriverService$Builder getLogOutput
INFO: Driver logs no longer sent to console by default; https://www.selenium.dev/documentation/webdriver/drivers/service/#setting-log-output
авг. 07, 2023 10:37:28 PM org.openqa.selenium.devtools.CdpVersionFinder findNearestMatch
WARNING: Unable to find an exact match for CDP version 115, so returning the closest version found: 114
]]></system-err>
</testsuite>
